[2014-03-25 02:31:21] (ERROR @ /ProMeta/setup/index.php) Could not copy /Applications/MAMP/htdocs/ProMeta/core/packages/core/modContext/cbf91b1b4d239da76136249442c35ea6/0/ to /Applications/MAMP/htdocs/ProMeta/index.php
[2014-03-25 02:31:21] (ERROR @ /ProMeta/setup/index.php) Could not copy /Applications/MAMP/htdocs/ProMeta/core/packages/core/modContext/cbf91b1b4d239da76136249442c35ea6/1/ to /Applications/MAMP/htdocs/ProMeta/ht.access
[2014-03-25 02:31:21] (ERROR @ /ProMeta/setup/index.php) Could not copy /Applications/MAMP/htdocs/ProMeta/core/packages/core/modContext/8dd1d9c03f2fbb7dc630840f54aff726/0/ to /Applications/MAMP/htdocs/ProMeta/manager/assets
[2014-03-25 02:31:21] (ERROR @ /ProMeta/setup/index.php) Could not copy /Applications/MAMP/htdocs/ProMeta/core/packages/core/modContext/8dd1d9c03f2fbb7dc630840f54aff726/1/ to /Applications/MAMP/htdocs/ProMeta/manager/controllers
[2014-03-25 02:31:21] (ERROR @ /ProMeta/setup/index.php) Could not copy /Applications/MAMP/htdocs/ProMeta/core/packages/core/modContext/8dd1d9c03f2fbb7dc630840f54aff726/2/ to /Applications/MAMP/htdocs/ProMeta/manager/templates
[2014-03-25 02:31:21] (ERROR @ /ProMeta/setup/index.php) Could not copy /Applications/MAMP/htdocs/ProMeta/core/packages/core/modContext/8dd1d9c03f2fbb7dc630840f54aff726/3/ to /Applications/MAMP/htdocs/ProMeta/manager/min
[2014-03-25 02:31:21] (ERROR @ /ProMeta/setup/index.php) Could not copy /Applications/MAMP/htdocs/ProMeta/core/packages/core/modContext/8dd1d9c03f2fbb7dc630840f54aff726/4/ to /Applications/MAMP/htdocs/ProMeta/manager/ht.access
[2014-03-25 02:31:21] (ERROR @ /ProMeta/setup/index.php) Could not copy /Applications/MAMP/htdocs/ProMeta/core/packages/core/modContext/8dd1d9c03f2fbb7dc630840f54aff726/5/ to /Applications/MAMP/htdocs/ProMeta/manager/cache.manifest.php
[2014-03-25 02:31:21] (ERROR @ /ProMeta/setup/index.php) Could not copy /Applications/MAMP/htdocs/ProMeta/core/packages/core/modContext/8dd1d9c03f2fbb7dc630840f54aff726/6/ to /Applications/MAMP/htdocs/ProMeta/manager/index.php
[2014-03-25 02:31:21] (ERROR @ /ProMeta/setup/index.php) Could not install files from /Applications/MAMP/htdocs/ProMeta/core/packages/core/xPDOFileVehicle/034dd46a96cde676dade2016fde908ff/ to /Applications/MAMP/htdocs/ProMeta/connectors/
[2014-03-25 02:31:21] (ERROR @ /ProMeta/setup/index.php) Could not install files from /Applications/MAMP/htdocs/ProMeta/core/packages/core/xPDOFileVehicle/ffcde5596e9fc309370a5c509acc9461/ to /Applications/MAMP/htdocs/ProMeta/connectors/
[2014-03-25 02:31:21] (ERROR @ /ProMeta/setup/index.php) Could not install files from /Applications/MAMP/htdocs/ProMeta/core/packages/core/xPDOFileVehicle/ee7d9e614c5ab44da9c4a23b26cdb2a1/ to /Applications/MAMP/htdocs/ProMeta/connectors/
[2014-03-25 02:31:21] (ERROR @ /ProMeta/setup/index.php) Could not install files from /Applications/MAMP/htdocs/ProMeta/core/packages/core/xPDOFileVehicle/77a8da3ace103d4380544fd5862016bb/ to /Applications/MAMP/htdocs/ProMeta/connectors/
[2014-03-25 02:31:21] (ERROR @ /ProMeta/setup/index.php) Could not install files from /Applications/MAMP/htdocs/ProMeta/core/packages/core/xPDOFileVehicle/809ecccf38ad035bb9259763b5709c18/ to /Applications/MAMP/htdocs/ProMeta/connectors/
[2014-03-25 02:31:21] (ERROR @ /ProMeta/setup/index.php) Could not install files from /Applications/MAMP/htdocs/ProMeta/core/packages/core/xPDOFileVehicle/f20d32114cad57180b4e1416a1085346/ to /Applications/MAMP/htdocs/ProMeta/connectors/
[2014-03-25 02:31:21] (ERROR @ /ProMeta/setup/index.php) Could not install files from /Applications/MAMP/htdocs/ProMeta/core/packages/core/xPDOFileVehicle/78954dc103b5bb8167a70a3db9e24b72/ to /Applications/MAMP/htdocs/ProMeta/connectors/
[2014-03-25 02:31:21] (ERROR @ /ProMeta/setup/index.php) Could not install files from /Applications/MAMP/htdocs/ProMeta/core/packages/core/xPDOFileVehicle/8c048060f5cf558139b728f849e094e9/ to /Applications/MAMP/htdocs/ProMeta/connectors/
[2014-03-25 02:31:21] (ERROR @ /ProMeta/setup/index.php) Could not install files from /Applications/MAMP/htdocs/ProMeta/core/packages/core/xPDOFileVehicle/f30531af5d7c087107a583fb69ab2b7f/ to /Applications/MAMP/htdocs/ProMeta/connectors/
[2014-03-25 02:31:21] (ERROR @ /ProMeta/setup/index.php) Could not install files from /Applications/MAMP/htdocs/ProMeta/core/packages/core/xPDOFileVehicle/31fd7a8f6410cb1abdcdca15e1e36ba8/ to /Applications/MAMP/htdocs/ProMeta/connectors/
[2014-03-25 02:31:21] (ERROR @ /ProMeta/setup/index.php) Could not install files from /Applications/MAMP/htdocs/ProMeta/core/packages/core/xPDOFileVehicle/632f35b87338d904934579470a96c210/ to /Applications/MAMP/htdocs/ProMeta/connectors/
