[2014-02-19 00:02:11] (ERROR @ /ProMeta/setup/index.php) Could not copy /Applications/XAMPP/xamppfiles/htdocs/ProMeta/core/packages/core/modContext/c002cf970fe9237b4dd06b7274044040/0/ to /Applications/XAMPP/xamppfiles/htdocs/ProMeta/index.php
[2014-02-19 00:02:11] (ERROR @ /ProMeta/setup/index.php) Could not copy /Applications/XAMPP/xamppfiles/htdocs/ProMeta/core/packages/core/modContext/c002cf970fe9237b4dd06b7274044040/1/ to /Applications/XAMPP/xamppfiles/htdocs/ProMeta/ht.access
[2014-02-19 00:02:11] (ERROR @ /ProMeta/setup/index.php) Could not copy /Applications/XAMPP/xamppfiles/htdocs/ProMeta/core/packages/core/modContext/065691d0e4db2ae48028476000a1de3f/0/ to /Applications/XAMPP/xamppfiles/htdocs/ProMeta/manager/assets
[2014-02-19 00:02:11] (ERROR @ /ProMeta/setup/index.php) Could not copy /Applications/XAMPP/xamppfiles/htdocs/ProMeta/core/packages/core/modContext/065691d0e4db2ae48028476000a1de3f/1/ to /Applications/XAMPP/xamppfiles/htdocs/ProMeta/manager/controllers
[2014-02-19 00:02:11] (ERROR @ /ProMeta/setup/index.php) Could not copy /Applications/XAMPP/xamppfiles/htdocs/ProMeta/core/packages/core/modContext/065691d0e4db2ae48028476000a1de3f/2/ to /Applications/XAMPP/xamppfiles/htdocs/ProMeta/manager/templates
[2014-02-19 00:02:11] (ERROR @ /ProMeta/setup/index.php) Could not copy /Applications/XAMPP/xamppfiles/htdocs/ProMeta/core/packages/core/modContext/065691d0e4db2ae48028476000a1de3f/3/ to /Applications/XAMPP/xamppfiles/htdocs/ProMeta/manager/min
[2014-02-19 00:02:11] (ERROR @ /ProMeta/setup/index.php) Could not copy /Applications/XAMPP/xamppfiles/htdocs/ProMeta/core/packages/core/modContext/065691d0e4db2ae48028476000a1de3f/4/ to /Applications/XAMPP/xamppfiles/htdocs/ProMeta/manager/ht.access
[2014-02-19 00:02:11] (ERROR @ /ProMeta/setup/index.php) Could not copy /Applications/XAMPP/xamppfiles/htdocs/ProMeta/core/packages/core/modContext/065691d0e4db2ae48028476000a1de3f/5/ to /Applications/XAMPP/xamppfiles/htdocs/ProMeta/manager/cache.manifest.php
[2014-02-19 00:02:11] (ERROR @ /ProMeta/setup/index.php) Could not copy /Applications/XAMPP/xamppfiles/htdocs/ProMeta/core/packages/core/modContext/065691d0e4db2ae48028476000a1de3f/6/ to /Applications/XAMPP/xamppfiles/htdocs/ProMeta/manager/index.php
[2014-02-19 00:02:11] (ERROR @ /ProMeta/setup/index.php) Could not install files from /Applications/XAMPP/xamppfiles/htdocs/ProMeta/core/packages/core/xPDOFileVehicle/fb74af2525cf458eb21dd08d0b54f4cf/ to /Applications/XAMPP/xamppfiles/htdocs/ProMeta/connectors/
[2014-02-19 00:02:11] (ERROR @ /ProMeta/setup/index.php) Could not install files from /Applications/XAMPP/xamppfiles/htdocs/ProMeta/core/packages/core/xPDOFileVehicle/e4fbdd771af2704d3ef22f58e9665157/ to /Applications/XAMPP/xamppfiles/htdocs/ProMeta/connectors/
[2014-02-19 00:02:11] (ERROR @ /ProMeta/setup/index.php) Could not install files from /Applications/XAMPP/xamppfiles/htdocs/ProMeta/core/packages/core/xPDOFileVehicle/76b2fcba263a8245e1ec4d47c4e8d7c0/ to /Applications/XAMPP/xamppfiles/htdocs/ProMeta/connectors/
[2014-02-19 00:02:11] (ERROR @ /ProMeta/setup/index.php) Could not install files from /Applications/XAMPP/xamppfiles/htdocs/ProMeta/core/packages/core/xPDOFileVehicle/f06764de434ae5a5e7b8299f51625b7e/ to /Applications/XAMPP/xamppfiles/htdocs/ProMeta/connectors/
[2014-02-19 00:02:11] (ERROR @ /ProMeta/setup/index.php) Could not install files from /Applications/XAMPP/xamppfiles/htdocs/ProMeta/core/packages/core/xPDOFileVehicle/69ebcad8c88bb8b427d5b0ea0e411f7a/ to /Applications/XAMPP/xamppfiles/htdocs/ProMeta/connectors/
[2014-02-19 00:02:11] (ERROR @ /ProMeta/setup/index.php) Could not install files from /Applications/XAMPP/xamppfiles/htdocs/ProMeta/core/packages/core/xPDOFileVehicle/6cfb36580a278852fcdd4159b72da55d/ to /Applications/XAMPP/xamppfiles/htdocs/ProMeta/connectors/
[2014-02-19 00:02:11] (ERROR @ /ProMeta/setup/index.php) Could not install files from /Applications/XAMPP/xamppfiles/htdocs/ProMeta/core/packages/core/xPDOFileVehicle/d1f401e10d5cec8734497895c8802f2b/ to /Applications/XAMPP/xamppfiles/htdocs/ProMeta/connectors/
[2014-02-19 00:02:11] (ERROR @ /ProMeta/setup/index.php) Could not install files from /Applications/XAMPP/xamppfiles/htdocs/ProMeta/core/packages/core/xPDOFileVehicle/b033806fac318268ce7782f3fbbde8e6/ to /Applications/XAMPP/xamppfiles/htdocs/ProMeta/connectors/
[2014-02-19 00:02:11] (ERROR @ /ProMeta/setup/index.php) Could not install files from /Applications/XAMPP/xamppfiles/htdocs/ProMeta/core/packages/core/xPDOFileVehicle/0fe162419a98fb4012222b0cc0db2a22/ to /Applications/XAMPP/xamppfiles/htdocs/ProMeta/connectors/
[2014-02-19 00:02:11] (ERROR @ /ProMeta/setup/index.php) Could not install files from /Applications/XAMPP/xamppfiles/htdocs/ProMeta/core/packages/core/xPDOFileVehicle/151735e612eaa194e50faecf036d7484/ to /Applications/XAMPP/xamppfiles/htdocs/ProMeta/connectors/
[2014-02-19 00:02:11] (ERROR @ /ProMeta/setup/index.php) Could not install files from /Applications/XAMPP/xamppfiles/htdocs/ProMeta/core/packages/core/xPDOFileVehicle/f752c01b0de3c7daa67814d66c5d6954/ to /Applications/XAMPP/xamppfiles/htdocs/ProMeta/connectors/
[2014-02-19 00:02:11] (ERROR @ /ProMeta/setup/index.php) xPDOVehicle resolver failed: type php (/Applications/XAMPP/xamppfiles/htdocs/ProMeta/core/packages/core/xPDOFileVehicle/f752c01b0de3c7daa67814d66c5d6954.resolve.core.resolver)
